[2026-06-01T07:38:05.241Z] [HTTP] OPTIONS /api/extinguishers?page=1&limit=10&search=&status= 204 0 - 1.135 ms
[2026-06-01T07:38:05.254Z] [HTTP] OPTIONS /api/extinguishers?page=1&limit=10&search=&status= 204 0 - 0.093 ms
[2026-06-01T07:38:05.262Z] [HTTP] GET /api/extinguishers?page=1&limit=10&search=&status= 200 1500 - 18.023 ms
[2026-06-01T07:38:05.268Z] [HTTP] GET /api/extinguishers?page=1&limit=10&search=&status= 304 - - 4.316 ms
[2026-06-01T07:39:50.842Z] [HTTP] OPTIONS /api/auth/me 204 0 - 0.980 ms
[2026-06-01T07:39:50.845Z] [HTTP] OPTIONS /api/extinguishers?page=1&limit=10&search=&status= 204 0 - 0.228 ms
[2026-06-01T07:39:50.846Z] [HTTP] OPTIONS /api/extinguishers?page=1&limit=10&search=&status= 204 0 - 0.112 ms
[2026-06-01T07:39:50.861Z] [HTTP] GET /api/auth/me 304 - - 14.419 ms
[2026-06-01T07:39:50.866Z] [HTTP] GET /api/extinguishers?page=1&limit=10&search=&status= 304 - - 11.538 ms
[2026-06-01T07:39:50.872Z] [HTTP] GET /api/extinguishers?page=1&limit=10&search=&status= 304 - - 4.912 ms
[2026-06-01T07:46:35.882Z] [HTTP] OPTIONS /api/auth/me 204 0 - 0.102 ms
[2026-06-01T07:46:35.888Z] [HTTP] GET /api/auth/me 304 - - 3.551 ms
[2026-06-01T07:46:35.891Z] [HTTP] OPTIONS /api/extinguishers?page=1&limit=10&search=&status= 204 0 - 0.225 ms
[2026-06-01T07:46:35.894Z] [HTTP] OPTIONS /api/extinguishers?page=1&limit=10&search=&status= 204 0 - 0.266 ms
[2026-06-01T07:46:35.901Z] [HTTP] GET /api/extinguishers?page=1&limit=10&search=&status= 304 - - 5.236 ms
[2026-06-01T07:46:35.906Z] [HTTP] GET /api/extinguishers?page=1&limit=10&search=&status= 304 - - 4.086 ms
[2026-06-01T07:46:38.546Z] [HTTP] GET /api/auth/me 304 - - 3.503 ms
[2026-06-01T07:46:38.550Z] [HTTP] GET /api/auth/me 304 - - 2.829 ms
[2026-06-01T07:46:50.140Z] [HTTP] OPTIONS /api/auth/update-profile 204 0 - 0.077 ms
[2026-06-01T07:46:50.199Z] [INFO] Profile updated for: aimable.kwizera14@gmail.com
[2026-06-01T07:46:50.200Z] [HTTP] PUT /api/auth/update-profile 200 156 - 57.697 ms
[2026-06-01T07:46:50.204Z] [HTTP] OPTIONS /api/auth/me 204 0 - 0.091 ms
[2026-06-01T07:46:50.209Z] [HTTP] GET /api/auth/me 200 202 - 2.712 ms
[2026-06-01T07:47:12.123Z] [HTTP] OPTIONS /api/auth/change-password 204 0 - 0.125 ms
[2026-06-01T07:47:12.530Z] [INFO] Password changed for: aimable.kwizera14@gmail.com
[2026-06-01T07:47:17.109Z] [HTTP] POST /api/auth/change-password 200 58 - 4984.261 ms
[2026-06-01T07:47:29.659Z] [HTTP] OPTIONS /api/auth/change-password 204 0 - 0.093 ms
[2026-06-01T07:47:29.859Z] [WARN] Incorrect current password for: aimable.kwizera14@gmail.com
[2026-06-01T07:47:29.860Z] [HTTP] POST /api/auth/change-password 401 59 - 198.827 ms
[2026-06-01T07:47:39.702Z] [HTTP] OPTIONS /api/auth/login 204 0 - 0.081 ms
[2026-06-01T07:47:39.905Z] [WARN] Failed login attempt for email: aimable.kwizera14@gmail.com
[2026-06-01T07:47:39.905Z] [HTTP] POST /api/auth/login 401 49 - 201.499 ms
[2026-06-01T07:47:43.202Z] [WARN] Failed login attempt for email: aimable.kwizera14@gmail.com
[2026-06-01T07:47:43.203Z] [HTTP] POST /api/auth/login 401 49 - 201.643 ms
[2026-06-01T07:47:46.923Z] [HTTP] OPTIONS /api/auth/login 204 0 - 0.063 ms
[2026-06-01T07:47:47.204Z] [WARN] Failed login attempt for email: aimable.kwizera14@gmail.com
[2026-06-01T07:47:47.205Z] [HTTP] POST /api/auth/login 401 49 - 207.207 ms
[2026-06-01T07:47:52.400Z] [HTTP] OPTIONS /api/auth/login 204 0 - 0.081 ms
[2026-06-01T07:47:52.600Z] [WARN] Failed login attempt for email: aimable.kwizera14@gmail.com
[2026-06-01T07:47:52.601Z] [HTTP] POST /api/auth/login 401 49 - 199.474 ms
[2026-06-01T07:47:57.495Z] [HTTP] OPTIONS /api/auth/forgot-password 204 0 - 0.100 ms
[2026-06-01T07:48:05.905Z] [INFO] Password reset email sent to: aimable.kwizera14@gmail.com
[2026-06-01T07:48:05.908Z] [HTTP] POST /api/auth/forgot-password 200 54 - 8410.082 ms
[2026-06-01T07:48:54.077Z] [HTTP] OPTIONS /api/auth/reset-password 204 0 - 0.086 ms
[2026-06-01T07:48:54.287Z] [INFO] Password reset successful for: aimable.kwizera14@gmail.com
[2026-06-01T07:48:59.973Z] [HTTP] POST /api/auth/reset-password 200 92 - 5893.197 ms
[2026-06-01T07:49:04.015Z] [HTTP] OPTIONS /api/auth/login 204 0 - 0.091 ms
[2026-06-01T07:49:14.992Z] [INFO] OTP sent successfully to: aimable.kwizera14@gmail.com
[2026-06-01T07:49:14.994Z] [HTTP] POST /api/auth/login 200 50 - 10976.890 ms
[2026-06-01T07:49:31.895Z] [HTTP] OPTIONS /api/auth/verify-otp 204 0 - 0.103 ms
[2026-06-01T07:49:31.902Z] [HTTP] POST /api/auth/verify-otp 200 348 - 5.056 ms
[2026-06-01T07:49:32.067Z] [HTTP] OPTIONS /api/extinguishers/dash/dashboard-stats 204 0 - 0.115 ms
[2026-06-01T07:49:32.068Z] [HTTP] OPTIONS /api/extinguishers/dash/dashboard-stats 204 0 - 0.086 ms
[2026-06-01T07:49:32.081Z] [HTTP] GET /api/extinguishers/dash/dashboard-stats 304 - - 8.705 ms
[2026-06-01T07:49:32.091Z] [HTTP] GET /api/extinguishers/dash/dashboard-stats 304 - - 9.438 ms
[2026-06-01T07:49:35.494Z] [HTTP] OPTIONS /api/extinguishers?page=1&limit=10&search=&status= 204 0 - 0.181 ms
[2026-06-01T07:49:35.496Z] [HTTP] OPTIONS /api/extinguishers?page=1&limit=10&search=&status= 204 0 - 0.422 ms
[2026-06-01T07:49:35.504Z] [HTTP] GET /api/extinguishers?page=1&limit=10&search=&status= 304 - - 4.492 ms
[2026-06-01T07:49:35.508Z] [HTTP] GET /api/extinguishers?page=1&limit=10&search=&status= 304 - - 3.273 ms
[2026-06-01T07:49:37.004Z] [HTTP] OPTIONS /api/auth/me 204 0 - 0.123 ms
[2026-06-01T07:49:37.006Z] [HTTP] OPTIONS /api/auth/me 204 0 - 0.189 ms
[2026-06-01T07:49:37.012Z] [HTTP] GET /api/auth/me 200 202 - 3.293 ms
[2026-06-01T07:49:37.018Z] [HTTP] GET /api/auth/me 304 - - 2.576 ms
[2026-06-01T07:49:38.252Z] [HTTP] GET /api/extinguishers?page=1&limit=10&search=&status= 304 - - 4.593 ms
[2026-06-01T07:49:38.258Z] [HTTP] GET /api/extinguishers?page=1&limit=10&search=&status= 304 - - 5.587 ms
[2026-06-01T07:49:39.610Z] [HTTP] OPTIONS /api/extinguishers/dash/dashboard-stats 204 0 - 0.133 ms
[2026-06-01T07:49:39.612Z] [HTTP] OPTIONS /api/extinguishers/dash/dashboard-stats 204 0 - 0.203 ms
[2026-06-01T07:49:39.630Z] [HTTP] GET /api/extinguishers/dash/dashboard-stats 304 - - 15.090 ms
[2026-06-01T07:49:39.642Z] [HTTP] GET /api/extinguishers/dash/dashboard-stats 304 - - 10.029 ms
[2026-06-01T08:35:59.119Z] [HTTP] OPTIONS /api/auth/me 204 0 - 1.737 ms
[2026-06-01T08:35:59.134Z] [HTTP] OPTIONS /api/extinguishers/dash/dashboard-stats 204 0 - 0.189 ms
[2026-06-01T08:35:59.142Z] [HTTP] GET /api/auth/me 304 - - 20.274 ms
[2026-06-01T08:35:59.143Z] [HTTP] OPTIONS /api/extinguishers/dash/dashboard-stats 204 0 - 0.141 ms
[2026-06-01T08:35:59.238Z] [HTTP] GET /api/extinguishers/dash/dashboard-stats 200 1694 - 92.973 ms
[2026-06-01T08:35:59.262Z] [HTTP] GET /api/extinguishers/dash/dashboard-stats 304 - - 22.387 ms
[2026-06-01T08:36:02.409Z] [HTTP] GET /api/auth/me 304 - - 14.765 ms
[2026-06-01T08:36:02.419Z] [HTTP] GET /api/extinguishers/dash/dashboard-stats 200 1508 - 14.842 ms
[2026-06-01T08:36:02.428Z] [HTTP] GET /api/extinguishers/dash/dashboard-stats 304 - - 7.463 ms
[2026-06-01T08:36:25.656Z] [HTTP] OPTIONS /api/auth/me 204 0 - 0.291 ms
[2026-06-01T08:36:25.658Z] [HTTP] OPTIONS /api/extinguishers/dash/dashboard-stats 204 0 - 0.194 ms
[2026-06-01T08:36:25.660Z] [HTTP] OPTIONS /api/extinguishers/dash/dashboard-stats 204 0 - 0.187 ms
[2026-06-01T08:36:25.666Z] [HTTP] GET /api/auth/me 304 - - 4.330 ms
[2026-06-01T08:36:25.673Z] [HTTP] GET /api/extinguishers/dash/dashboard-stats 304 - - 8.564 ms
[2026-06-01T08:36:25.680Z] [HTTP] GET /api/extinguishers/dash/dashboard-stats 304 - - 6.208 ms
[2026-06-01T09:43:03.774Z] [HTTP] OPTIONS /api/extinguishers?page=1&limit=10&search=&status= 204 0 - 1.993 ms
[2026-06-01T09:43:03.797Z] [HTTP] OPTIONS /api/extinguishers?page=1&limit=10&search=&status= 204 0 - 0.175 ms
[2026-06-01T09:43:03.804Z] [HTTP] GET /api/extinguishers?page=1&limit=10&search=&status= 304 - - 26.644 ms
[2026-06-01T09:43:03.810Z] [HTTP] GET /api/extinguishers?page=1&limit=10&search=&status= 304 - - 4.810 ms
[2026-06-01T09:43:05.873Z] [HTTP] OPTIONS /api/extinguishers/6a1d21f929c03e50a4e32aa8 204 0 - 0.132 ms
[2026-06-01T09:43:05.874Z] [HTTP] OPTIONS /api/extinguishers/6a1d21f929c03e50a4e32aa8 204 0 - 0.130 ms
[2026-06-01T09:43:05.882Z] [HTTP] GET /api/extinguishers/6a1d21f929c03e50a4e32aa8 200 503 - 5.943 ms
[2026-06-01T09:43:05.887Z] [HTTP] GET /api/extinguishers/6a1d21f929c03e50a4e32aa8 304 - - 3.845 ms
[2026-06-01T09:43:08.639Z] [HTTP] GET /api/extinguishers/6a1d21f929c03e50a4e32aa8 304 - - 3.469 ms
[2026-06-01T09:43:08.645Z] [HTTP] GET /api/extinguishers/6a1d21f929c03e50a4e32aa8 304 - - 4.467 ms
[2026-06-01T09:43:13.164Z] [HTTP] OPTIONS /api/extinguishers/6a1d21f929c03e50a4e32aa8 204 0 - 0.124 ms
[2026-06-01T09:43:13.209Z] [HTTP] PUT /api/extinguishers/6a1d21f929c03e50a4e32aa8 200 504 - 42.606 ms
[2026-06-01T09:43:13.263Z] [HTTP] OPTIONS /api/extinguishers?page=1&limit=10&search=&status= 204 0 - 0.178 ms
[2026-06-01T09:43:13.265Z] [HTTP] OPTIONS /api/extinguishers?page=1&limit=10&search=&status= 204 0 - 0.186 ms
[2026-06-01T09:43:13.276Z] [HTTP] GET /api/extinguishers?page=1&limit=10&search=&status= 200 1501 - 8.111 ms
[2026-06-01T09:43:13.283Z] [HTTP] GET /api/extinguishers?page=1&limit=10&search=&status= 304 - - 5.939 ms
[2026-06-01T15:01:15.937Z] [HTTP] GET /api-docs/ 200 3106 - 151.025 ms
[2026-06-01T15:01:16.063Z] [HTTP] GET /api-docs/swagger-ui-init.js 200 42739 - 5.736 ms
[2026-06-01T15:01:16.111Z] [HTTP] GET /api-docs/swagger-ui.css 200 178977 - 61.115 ms
[2026-06-01T15:01:16.120Z] [HTTP] GET /api-docs/swagger-ui-standalone-preset.js 200 251800 - 53.877 ms
[2026-06-01T15:01:16.133Z] [HTTP] GET /api-docs/swagger-ui-bundle.js 200 1526593 - 53.941 ms
[2026-06-01T15:08:18.474Z] [HTTP] OPTIONS /api/auth/me 204 0 - 1.902 ms
[2026-06-01T15:08:18.673Z] [HTTP] OPTIONS /api/auth/me 204 0 - 0.103 ms
[2026-06-01T15:08:18.705Z] [HTTP] GET /api/auth/me 200 202 - 226.043 ms
[2026-06-01T15:08:18.713Z] [HTTP] GET /api/auth/me 304 - - 7.076 ms
[2026-06-02T11:16:23.780Z] [HTTP] OPTIONS /api/auth/me 204 0 - 1.928 ms
[2026-06-02T11:16:23.789Z] [HTTP] GET /api/auth/me 401 43 - 6.118 ms
[2026-06-02T11:16:26.363Z] [HTTP] OPTIONS /api/auth/login 204 0 - 0.164 ms
[2026-06-02T11:16:31.583Z] [INFO] OTP sent successfully to: aimable.kwizera14@gmail.com
[2026-06-02T11:16:31.585Z] [HTTP] POST /api/auth/login 200 50 - 5219.750 ms
[2026-06-02T11:16:53.512Z] [HTTP] OPTIONS /api/auth/verify-otp 204 0 - 0.189 ms
[2026-06-02T11:16:53.547Z] [HTTP] POST /api/auth/verify-otp 200 348 - 31.902 ms
[2026-06-02T11:16:53.656Z] [HTTP] OPTIONS /api/extinguishers/dash/dashboard-stats 204 0 - 0.244 ms
[2026-06-02T11:16:53.658Z] [HTTP] OPTIONS /api/extinguishers/dash/dashboard-stats 204 0 - 0.273 ms
[2026-06-02T11:16:53.723Z] [HTTP] GET /api/extinguishers/dash/dashboard-stats 200 1509 - 63.842 ms
[2026-06-02T11:16:53.735Z] [HTTP] GET /api/extinguishers/dash/dashboard-stats 304 - - 10.966 ms
[2026-06-02T11:16:57.600Z] [HTTP] OPTIONS /api/extinguishers?page=1&limit=10&search=&status= 204 0 - 0.136 ms
[2026-06-02T11:16:57.601Z] [HTTP] OPTIONS /api/extinguishers?page=1&limit=10&search=&status= 204 0 - 0.103 ms
[2026-06-02T11:16:57.610Z] [HTTP] GET /api/extinguishers?page=1&limit=10&search=&status= 200 1501 - 7.164 ms
[2026-06-02T11:16:57.616Z] [HTTP] GET /api/extinguishers?page=1&limit=10&search=&status= 304 - - 4.889 ms
[2026-06-02T11:17:11.628Z] [HTTP] OPTIONS /api/extinguishers?page=1&limit=10&search=&status= 204 0 - 0.121 ms
[2026-06-02T11:17:11.629Z] [HTTP] OPTIONS /api/extinguishers?page=1&limit=10&search=&status= 204 0 - 0.136 ms
[2026-06-02T11:17:11.637Z] [HTTP] GET /api/extinguishers?page=1&limit=10&search=&status= 304 - - 6.583 ms
[2026-06-02T11:17:11.645Z] [HTTP] GET /api/extinguishers?page=1&limit=10&search=&status= 304 - - 7.114 ms
[2026-06-02T11:18:43.815Z] [HTTP] OPTIONS /api/extinguishers/6a1d21f929c03e50a4e32aa8 204 0 - 0.129 ms
[2026-06-02T11:18:43.816Z] [HTTP] OPTIONS /api/extinguishers/6a1d21f929c03e50a4e32aa8 204 0 - 0.094 ms
[2026-06-02T11:18:43.848Z] [HTTP] GET /api/extinguishers/6a1d21f929c03e50a4e32aa8 200 504 - 28.579 ms
[2026-06-02T11:18:43.851Z] [HTTP] GET /api/extinguishers/6a1d21f929c03e50a4e32aa8 304 - - 1.969 ms
[2026-06-02T11:18:45.643Z] [HTTP] OPTIONS /api/extinguishers/6a1d21f929c03e50a4e32aa8/mark-reported 204 0 - 0.137 ms
[2026-06-02T11:18:45.652Z] [HTTP] PUT /api/extinguishers/6a1d21f929c03e50a4e32aa8/mark-reported 200 506 - 6.212 ms
[2026-06-02T11:18:45.659Z] [HTTP] GET /api/extinguishers/6a1d21f929c03e50a4e32aa8 200 506 - 2.237 ms
[2026-06-02T11:18:57.733Z] [HTTP] OPTIONS /api/extinguishers?page=1&limit=10&search=&status= 204 0 - 0.100 ms
[2026-06-02T11:18:57.735Z] [HTTP] OPTIONS /api/extinguishers?page=1&limit=10&search=&status= 204 0 - 0.107 ms
[2026-06-02T11:18:57.741Z] [HTTP] GET /api/extinguishers?page=1&limit=10&search=&status= 200 1503 - 5.409 ms
[2026-06-02T11:18:57.748Z] [HTTP] GET /api/extinguishers?page=1&limit=10&search=&status= 304 - - 5.677 ms
[2026-06-02T18:24:21.529Z] [HTTP] GET /api-docs 301 158 - 6.823 ms
[2026-06-02T18:24:21.538Z] [HTTP] GET /api-docs/ 200 3106 - 2.617 ms
[2026-06-02T18:24:21.584Z] [HTTP] GET /api-docs/swagger-ui-init.js 200 42739 - 0.582 ms
[2026-06-02T18:24:21.590Z] [HTTP] GET /api-docs/swagger-ui.css 200 178977 - 8.399 ms
[2026-06-02T18:24:21.592Z] [HTTP] GET /api-docs/swagger-ui-standalone-preset.js 200 251800 - 6.953 ms
[2026-06-02T18:24:21.601Z] [HTTP] GET /api-docs/swagger-ui-bundle.js 200 1526593 - 8.019 ms
[2026-06-02T18:25:27.674Z] [HTTP] OPTIONS /api/auth/me 204 0 - 0.387 ms
[2026-06-02T18:25:27.723Z] [HTTP] GET /api/auth/me 200 202 - 45.879 ms
[2026-06-02T18:25:34.754Z] [HTTP] OPTIONS /api/auth/me 204 0 - 0.162 ms
[2026-06-02T18:25:34.762Z] [HTTP] GET /api/auth/me 304 - - 5.074 ms
[2026-06-03T06:00:34.587Z] [HTTP] OPTIONS /api/auth/me 204 0 - 2.241 ms
[2026-06-03T06:00:34.616Z] [HTTP] GET /api/auth/me 304 - - 24.729 ms
[2026-06-03T06:00:37.562Z] [HTTP] OPTIONS /api/auth/login 204 0 - 0.375 ms
[2026-06-03T06:00:59.091Z] [INFO] OTP sent successfully to: aimable.kwizera14@gmail.com
[2026-06-03T06:00:59.093Z] [HTTP] POST /api/auth/login 200 50 - 21526.850 ms
[2026-06-03T06:03:25.183Z] [HTTP] OPTIONS /api/auth/verify-otp 204 0 - 0.257 ms
[2026-06-03T06:03:25.204Z] [HTTP] POST /api/auth/verify-otp 200 348 - 18.840 ms
[2026-06-03T06:03:25.305Z] [HTTP] OPTIONS /api/extinguishers/dash/dashboard-stats 204 0 - 0.188 ms
[2026-06-03T06:03:25.307Z] [HTTP] OPTIONS /api/extinguishers/dash/dashboard-stats 204 0 - 0.180 ms
[2026-06-03T06:03:25.347Z] [HTTP] GET /api/extinguishers/dash/dashboard-stats 200 1511 - 36.973 ms
[2026-06-03T06:03:25.358Z] [HTTP] GET /api/extinguishers/dash/dashboard-stats 304 - - 8.782 ms
[2026-06-03T06:03:32.068Z] [HTTP] OPTIONS /api/extinguishers?page=1&limit=10&search=&status= 204 0 - 0.155 ms
[2026-06-03T06:03:32.072Z] [HTTP] OPTIONS /api/extinguishers?page=1&limit=10&search=&status= 204 0 - 0.239 ms
[2026-06-03T06:03:32.080Z] [HTTP] GET /api/extinguishers?page=1&limit=10&search=&status= 200 1503 - 6.383 ms
[2026-06-03T06:03:32.087Z] [HTTP] GET /api/extinguishers?page=1&limit=10&search=&status= 304 - - 6.303 ms
[2026-06-03T06:03:42.337Z] [HTTP] OPTIONS /api/auth/login 204 0 - 0.125 ms
[2026-06-03T06:03:48.148Z] [INFO] OTP sent successfully to: aimable.kwizera14@gmail.com
[2026-06-03T06:03:48.150Z] [HTTP] POST /api/auth/login 200 50 - 5810.367 ms
[2026-06-03T06:05:21.268Z] [HTTP] OPTIONS /api/auth/verify-otp 204 0 - 0.141 ms
[2026-06-03T06:05:21.277Z] [HTTP] POST /api/auth/verify-otp 200 348 - 6.810 ms
[2026-06-03T06:05:21.356Z] [HTTP] OPTIONS /api/extinguishers/dash/dashboard-stats 204 0 - 0.339 ms
[2026-06-03T06:05:21.357Z] [HTTP] OPTIONS /api/extinguishers/dash/dashboard-stats 204 0 - 0.162 ms
[2026-06-03T06:05:21.369Z] [HTTP] GET /api/extinguishers/dash/dashboard-stats 304 - - 10.173 ms
[2026-06-03T06:05:21.379Z] [HTTP] GET /api/extinguishers/dash/dashboard-stats 304 - - 8.848 ms
[2026-06-03T06:05:53.615Z] [HTTP] OPTIONS /api/auth/me 204 0 - 0.073 ms
[2026-06-03T06:05:53.619Z] [HTTP] GET /api/auth/me 304 - - 2.314 ms
[2026-06-03T06:07:44.393Z] [HTTP] OPTIONS /api/auth/me 204 0 - 0.111 ms
[2026-06-03T06:07:44.401Z] [HTTP] GET /api/auth/me 304 - - 3.235 ms
[2026-06-03T06:07:56.392Z] [HTTP] OPTIONS /api/auth/me 204 0 - 0.097 ms
[2026-06-03T06:07:56.399Z] [HTTP] OPTIONS /api/extinguishers/dash/dashboard-stats 204 0 - 0.174 ms
[2026-06-03T06:07:56.402Z] [HTTP] GET /api/auth/me 304 - - 6.166 ms
[2026-06-03T06:07:56.403Z] [HTTP] OPTIONS /api/extinguishers/dash/dashboard-stats 204 0 - 0.161 ms
[2026-06-03T06:07:56.420Z] [HTTP] GET /api/extinguishers/dash/dashboard-stats 304 - - 15.534 ms
[2026-06-03T06:07:56.432Z] [HTTP] GET /api/extinguishers/dash/dashboard-stats 304 - - 10.724 ms
[2026-06-03T06:08:04.388Z] [HTTP] OPTIONS /api/extinguishers?page=1&limit=10&search=&status= 204 0 - 0.131 ms
[2026-06-03T06:08:04.389Z] [HTTP] OPTIONS /api/extinguishers?page=1&limit=10&search=&status= 204 0 - 0.099 ms
[2026-06-03T06:08:04.397Z] [HTTP] GET /api/extinguishers?page=1&limit=10&search=&status= 304 - - 4.166 ms
[2026-06-03T06:08:04.403Z] [HTTP] GET /api/extinguishers?page=1&limit=10&search=&status= 304 - - 4.865 ms
[2026-06-03T06:08:07.274Z] [HTTP] OPTIONS /api/extinguishers/6a1d21f929c03e50a4e32aa8 204 0 - 0.096 ms
[2026-06-03T06:08:07.303Z] [HTTP] DELETE /api/extinguishers/6a1d21f929c03e50a4e32aa8 200 49 - 27.589 ms
[2026-06-03T06:08:07.312Z] [HTTP] GET /api/extinguishers?page=1&limit=10&search=&status= 200 1020 - 3.773 ms
[2026-06-03T06:08:09.926Z] [HTTP] OPTIONS /api/auth/me 204 0 - 0.136 ms
[2026-06-03T06:08:09.930Z] [HTTP] OPTIONS /api/extinguishers?page=1&limit=10&search=&status= 204 0 - 0.125 ms
[2026-06-03T06:08:09.932Z] [HTTP] OPTIONS /api/extinguishers?page=1&limit=10&search=&status= 204 0 - 0.085 ms
[2026-06-03T06:08:09.933Z] [HTTP] GET /api/auth/me 304 - - 5.307 ms
[2026-06-03T06:08:09.942Z] [HTTP] GET /api/extinguishers?page=1&limit=10&search=&status= 304 - - 7.795 ms
[2026-06-03T06:08:09.950Z] [HTTP] GET /api/extinguishers?page=1&limit=10&search=&status= 304 - - 6.825 ms
[2026-06-03T06:08:18.814Z] [HTTP] OPTIONS /api/auth/login 204 0 - 0.098 ms
[2026-06-03T06:08:22.988Z] [INFO] OTP sent successfully to: aimable.kwizera14@gmail.com
[2026-06-03T06:08:22.990Z] [HTTP] POST /api/auth/login 200 50 - 4174.047 ms
[2026-06-03T06:08:30.892Z] [HTTP] OPTIONS /api/auth/verify-otp 204 0 - 0.095 ms
[2026-06-03T06:08:30.901Z] [HTTP] POST /api/auth/verify-otp 200 348 - 6.675 ms
[2026-06-03T06:08:30.963Z] [HTTP] OPTIONS /api/extinguishers/dash/dashboard-stats 204 0 - 0.352 ms
[2026-06-03T06:08:30.964Z] [HTTP] OPTIONS /api/extinguishers/dash/dashboard-stats 204 0 - 0.129 ms
[2026-06-03T06:08:30.979Z] [HTTP] GET /api/extinguishers/dash/dashboard-stats 200 1028 - 9.744 ms
[2026-06-03T06:08:30.993Z] [HTTP] GET /api/extinguishers/dash/dashboard-stats 304 - - 12.796 ms
[2026-06-03T06:08:33.730Z] [HTTP] OPTIONS /api/extinguishers?page=1&limit=10&search=&status= 204 0 - 0.235 ms
[2026-06-03T06:08:33.731Z] [HTTP] OPTIONS /api/extinguishers?page=1&limit=10&search=&status= 204 0 - 0.168 ms
[2026-06-03T06:08:33.739Z] [HTTP] GET /api/extinguishers?page=1&limit=10&search=&status= 304 - - 4.947 ms
[2026-06-03T06:08:33.746Z] [HTTP] GET /api/extinguishers?page=1&limit=10&search=&status= 304 - - 5.559 ms
